<?xml version="1.0" encoding="UTF-8"?>
<TestRun id="58f336df-d52a-4c7c-a3bf-c548d800bbb1" name="Roger@RP-AVR-WINGS 2014-09-20 13:55:53" runUser="ASNAUS\Roger" xmlns="http://microsoft.com/schemas/VisualStudio/TeamTest/2010">
  <TestSettings name="Default Test Settings" id="da03774f-6cb0-45a4-801c-2e8941012081">
    <Deployment userDeploymentRoot="C:\rpDocuments\Programming\AVR\Other\ASNA.Helpers.DataServices\DataServicesTests\bin\Debug" useDefaultDeploymentRoot="false" runDeploymentRoot="Roger_RP-AVR-WINGS 2014-09-20 13_55_53" />
    <Execution>
      <TestTypeSpecific />
      <AgentRule name="Execution Agents">
      </AgentRule>
    </Execution>
  </TestSettings>
  <Times creation="2014-09-20T13:55:53.4304792-05:00" queuing="2014-09-20T13:55:53.8264775-05:00" start="2014-09-20T13:55:53.9084765-05:00" finish="2014-09-20T13:56:04.6007651-05:00" />
  <ResultSummary outcome="Completed">
    <Counters total="1" executed="1" passed="1" error="0" failed="0" timeout="0" aborted="0" inconclusive="0" passedButRunAborted="0" notRunnable="0" notExecuted="0" disconnected="0" warning="0" completed="0" inProgress="0" pending="0" />
  </ResultSummary>
  <TestDefinitions>
    <UnitTest name="PagedQueryToDataTable" storage="dataservicestests.dll" id="e8663908-2558-6f1d-ff9f-dd012bd5ecba">
      <Execution id="5e162bf0-577f-4469-a39b-bc39d25c1ad7" />
      <TestMethod codeBase="C:/rpDocuments/Programming/AVR/Other/ASNA.Helpers.DataServices/DataServicesTests/bin/Debug/dataservicestests.dll" adapterTypeName="Microsoft.VisualStudio.TestTools.TestTypes.Unit.UnitTestAdapter, Microsoft.VisualStudio.QualityTools.Tips.UnitTest.Adapter, Version=11.0.0.0, Culture=neutral, PublicKeyToken=b03f5f7f11d50a3a" className="DataServicesTests.Tests, DataServicesTests, Version=1.0.0.0, Culture=neutral, PublicKeyToken=null" name="PagedQueryToDataTable" />
    </UnitTest>
  </TestDefinitions>
  <TestLists>
    <TestList name="Results Not in a List" id="8c84fa94-04c1-424b-9868-57a2d4851a1d" />
    <TestList name="All Loaded Results" id="19431567-8539-422a-85d7-44ee4e166bda" />
  </TestLists>
  <TestEntries>
    <TestEntry testId="e8663908-2558-6f1d-ff9f-dd012bd5ecba" executionId="5e162bf0-577f-4469-a39b-bc39d25c1ad7" testListId="8c84fa94-04c1-424b-9868-57a2d4851a1d" />
  </TestEntries>
  <Results>
    <UnitTestResult executionId="5e162bf0-577f-4469-a39b-bc39d25c1ad7" testId="e8663908-2558-6f1d-ff9f-dd012bd5ecba" testName="PagedQueryToDataTable" computerName="RP-AVR-WINGS" duration="00:00:00.1857754" startTime="2014-09-20T13:55:53.9374767-05:00" endTime="2014-09-20T13:56:04.5459568-05:00" testType="13cdc9d9-ddb5-4fa4-a97d-d965ccfc6d4b" outcome="Passed" testListId="8c84fa94-04c1-424b-9868-57a2d4851a1d" relativeResultsDirectory="5e162bf0-577f-4469-a39b-bc39d25c1ad7">
    </UnitTestResult>
  </Results>
</TestRun>