<?xml version="1.0" encoding="UTF-8"?>
<TestRun id="04c10837-7706-47a6-91d0-06299b7f7f9c" name="Roger@RP-AVR-WINGS 2014-09-20 13:47:41" runUser="ASNAUS\Roger" xmlns="http://microsoft.com/schemas/VisualStudio/TeamTest/2010">
  <TestSettings name="Default Test Settings" id="497e563e-70c8-49c0-b062-399838b9227b">
    <Execution>
      <TestTypeSpecific />
      <AgentRule name="Execution Agents">
      </AgentRule>
    </Execution>
    <Deployment runDeploymentRoot="Roger_RP-AVR-WINGS 2014-09-20 13_47_41" />
  </TestSettings>
  <Times creation="2014-09-20T13:47:41.1616979-05:00" queuing="2014-09-20T13:47:41.5206930-05:00" start="2014-09-20T13:47:41.5986927-05:00" finish="2014-09-20T13:47:41.8417056-05:00" />
  <ResultSummary outcome="Error">
    <Counters total="1" executed="1" error="1" failed="0" timeout="0" aborted="0" inconclusive="0" passedButRunAborted="0" notRunnable="0" notExecuted="0" disconnected="0" warning="0" passed="0" completed="0" inProgress="0" pending="0" />
  </ResultSummary>
  <TestDefinitions>
    <UnitTest name="PagedQueryToDataTable" storage="dataservicestests.dll" id="e8663908-2558-6f1d-ff9f-dd012bd5ecba">
      <Execution id="a494510b-3bde-40ff-b7fd-2be381081dd3" />
      <TestMethod codeBase="C:/rpDocuments/Programming/AVR/Other/ASNA.Helpers.DataServices/DataServicesTests/bin/Debug/dataservicestests.dll" adapterTypeName="Microsoft.VisualStudio.TestTools.TestTypes.Unit.UnitTestAdapter, Microsoft.VisualStudio.QualityTools.Tips.UnitTest.Adapter, Version=11.0.0.0, Culture=neutral, PublicKeyToken=b03f5f7f11d50a3a" className="DataServicesTests.Tests, DataServicesTests, Version=1.0.0.0, Culture=neutral, PublicKeyToken=null" name="PagedQueryToDataTable" />
    </UnitTest>
  </TestDefinitions>
  <TestLists>
    <TestList name="Results Not in a List" id="8c84fa94-04c1-424b-9868-57a2d4851a1d" />
    <TestList name="All Loaded Results" id="19431567-8539-422a-85d7-44ee4e166bda" />
  </TestLists>
  <TestEntries>
    <TestEntry testId="e8663908-2558-6f1d-ff9f-dd012bd5ecba" executionId="a494510b-3bde-40ff-b7fd-2be381081dd3" testListId="8c84fa94-04c1-424b-9868-57a2d4851a1d" />
  </TestEntries>
  <Results>
    <UnitTestResult executionId="a494510b-3bde-40ff-b7fd-2be381081dd3" testId="e8663908-2558-6f1d-ff9f-dd012bd5ecba" testName="PagedQueryToDataTable" computerName="RP-AVR-WINGS" startTime="2014-09-20T13:47:41.6276922-05:00" endTime="2014-09-20T13:47:41.8007051-05:00" testType="13cdc9d9-ddb5-4fa4-a97d-d965ccfc6d4b" testListId="8c84fa94-04c1-424b-9868-57a2d4851a1d" relativeResultsDirectory="a494510b-3bde-40ff-b7fd-2be381081dd3">
      <Output>
        <ErrorInfo>
          <Message>Method DataServicesTests.Tests.OpenDB has wrong signature.  Parameter 1 should be of type Microsoft.VisualStudio.TestTools.UnitTesting.TestContext.</Message>
        </ErrorInfo>
      </Output>
    </UnitTestResult>
  </Results>
</TestRun>