<?xml version="1.0" encoding="UTF-8"?>
<TestRun id="e2733e12-1acd-4b23-a42e-13fac773a54a" name="Roger@RP-AVR-WINGS 2014-09-13 11:24:40" runUser="ASNAUS\Roger" xmlns="http://microsoft.com/schemas/VisualStudio/TeamTest/2010">
  <TestSettings name="Default Test Settings" id="7b76d76f-f1b8-4eca-aa30-f47932d3ac84">
    <Execution>
      <TestTypeSpecific />
      <AgentRule name="Execution Agents">
      </AgentRule>
    </Execution>
    <Deployment runDeploymentRoot="Roger_RP-AVR-WINGS 2014-09-13 11_24_40" />
  </TestSettings>
  <Times creation="2014-09-13T11:24:40.4392357-05:00" queuing="2014-09-13T11:24:40.7902363-05:00" start="2014-09-13T11:24:40.8542365-05:00" finish="2014-09-13T11:24:43.7529776-05:00" />
  <ResultSummary outcome="Completed">
    <Counters total="2" executed="2" passed="2" error="0" failed="0" timeout="0" aborted="0" inconclusive="0" passedButRunAborted="0" notRunnable="0" notExecuted="0" disconnected="0" warning="0" completed="0" inProgress="0" pending="0" />
  </ResultSummary>
  <TestDefinitions>
    <UnitTest name="TestDataServiceCustomers" storage="dataservicestests.dll" id="48878c87-d0c0-f69a-ea69-d9d2d7012922">
      <Execution id="be25100c-fb45-483b-a9c2-225dac94f500" />
      <TestMethod codeBase="C:/rpDocuments/Programming/AVR/Other/ASNA.Helpers.DataServices/DataServicesTests/bin/Debug/dataservicestests.dll" adapterTypeName="Microsoft.VisualStudio.TestTools.TestTypes.Unit.UnitTestAdapter, Microsoft.VisualStudio.QualityTools.Tips.UnitTest.Adapter, Version=11.0.0.0, Culture=neutral, PublicKeyToken=b03f5f7f11d50a3a" className="DataServicesTests.Tests, DataServicesTests, Version=1.0.0.0, Culture=neutral, PublicKeyToken=null" name="TestDataServiceCustomers" />
    </UnitTest>
    <UnitTest name="Roger" storage="dataservicestests.dll" id="130cc3e5-f0bf-edee-d584-e663eaba2afa">
      <Execution id="86f00847-1742-4202-98ca-019d43353c95" />
      <TestMethod codeBase="C:/rpDocuments/Programming/AVR/Other/ASNA.Helpers.DataServices/DataServicesTests/bin/Debug/dataservicestests.dll" adapterTypeName="Microsoft.VisualStudio.TestTools.TestTypes.Unit.UnitTestAdapter, Microsoft.VisualStudio.QualityTools.Tips.UnitTest.Adapter, Version=11.0.0.0, Culture=neutral, PublicKeyToken=b03f5f7f11d50a3a" className="DataServicesTests.Tests, DataServicesTests, Version=1.0.0.0, Culture=neutral, PublicKeyToken=null" name="Roger" />
    </UnitTest>
  </TestDefinitions>
  <TestLists>
    <TestList name="Results Not in a List" id="8c84fa94-04c1-424b-9868-57a2d4851a1d" />
    <TestList name="All Loaded Results" id="19431567-8539-422a-85d7-44ee4e166bda" />
  </TestLists>
  <TestEntries>
    <TestEntry testId="130cc3e5-f0bf-edee-d584-e663eaba2afa" executionId="86f00847-1742-4202-98ca-019d43353c95" testListId="8c84fa94-04c1-424b-9868-57a2d4851a1d" />
    <TestEntry testId="48878c87-d0c0-f69a-ea69-d9d2d7012922" executionId="be25100c-fb45-483b-a9c2-225dac94f500" testListId="8c84fa94-04c1-424b-9868-57a2d4851a1d" />
  </TestEntries>
  <Results>
    <UnitTestResult executionId="86f00847-1742-4202-98ca-019d43353c95" testId="130cc3e5-f0bf-edee-d584-e663eaba2afa" testName="Roger" computerName="RP-AVR-WINGS" duration="00:00:00.0284545" startTime="2014-09-13T11:24:40.8902364-05:00" endTime="2014-09-13T11:24:41.0823743-05:00" testType="13cdc9d9-ddb5-4fa4-a97d-d965ccfc6d4b" outcome="Passed" testListId="8c84fa94-04c1-424b-9868-57a2d4851a1d" relativeResultsDirectory="86f00847-1742-4202-98ca-019d43353c95">
    </UnitTestResult>
    <UnitTestResult executionId="be25100c-fb45-483b-a9c2-225dac94f500" testId="48878c87-d0c0-f69a-ea69-d9d2d7012922" testName="TestDataServiceCustomers" computerName="RP-AVR-WINGS" duration="00:00:02.6246355" startTime="2014-09-13T11:24:41.0863755-05:00" endTime="2014-09-13T11:24:43.7123283-05:00" testType="13cdc9d9-ddb5-4fa4-a97d-d965ccfc6d4b" outcome="Passed" testListId="8c84fa94-04c1-424b-9868-57a2d4851a1d" relativeResultsDirectory="be25100c-fb45-483b-a9c2-225dac94f500">
    </UnitTestResult>
  </Results>
</TestRun>