<?xml version="1.0" encoding="UTF-8"?>
<TestRun id="116f7bb9-c279-4ea1-9063-a02c7fd6601a" name="Roger@RP-AVR-WINGS 2014-09-13 11:23:28" runUser="ASNAUS\Roger" xmlns="http://microsoft.com/schemas/VisualStudio/TeamTest/2010">
  <TestSettings name="Default Test Settings" id="f3943aa5-04a5-4e36-905e-79948d43f106">
    <Execution>
      <TestTypeSpecific />
      <AgentRule name="Execution Agents">
      </AgentRule>
    </Execution>
    <Deployment runDeploymentRoot="Roger_RP-AVR-WINGS 2014-09-13 11_23_28" />
  </TestSettings>
  <Times creation="2014-09-13T11:23:28.6493182-05:00" queuing="2014-09-13T11:23:28.9863208-05:00" start="2014-09-13T11:23:29.0523203-05:00" finish="2014-09-13T11:23:31.9871581-05:00" />
  <ResultSummary outcome="Completed">
    <Counters total="2" executed="2" passed="2" error="0" failed="0" timeout="0" aborted="0" inconclusive="0" passedButRunAborted="0" notRunnable="0" notExecuted="0" disconnected="0" warning="0" completed="0" inProgress="0" pending="0" />
  </ResultSummary>
  <TestDefinitions>
    <UnitTest name="TestDataServiceCustomers" storage="dataservicestests.dll" id="48878c87-d0c0-f69a-ea69-d9d2d7012922">
      <Execution id="b88a3b43-eb2a-4c38-ab23-46d197f58ebb" />
      <TestMethod codeBase="C:/rpDocuments/Programming/AVR/Other/ASNA.Helpers.DataServices/DataServicesTests/bin/Debug/dataservicestests.dll" adapterTypeName="Microsoft.VisualStudio.TestTools.TestTypes.Unit.UnitTestAdapter, Microsoft.VisualStudio.QualityTools.Tips.UnitTest.Adapter, Version=11.0.0.0, Culture=neutral, PublicKeyToken=b03f5f7f11d50a3a" className="DataServicesTests.Tests, DataServicesTests, Version=1.0.0.0, Culture=neutral, PublicKeyToken=null" name="TestDataServiceCustomers" />
    </UnitTest>
    <UnitTest name="Roger" storage="dataservicestests.dll" id="130cc3e5-f0bf-edee-d584-e663eaba2afa">
      <Execution id="9a5c1610-62ca-418a-81b7-fd3d0ec10635" />
      <TestMethod codeBase="C:/rpDocuments/Programming/AVR/Other/ASNA.Helpers.DataServices/DataServicesTests/bin/Debug/dataservicestests.dll" adapterTypeName="Microsoft.VisualStudio.TestTools.TestTypes.Unit.UnitTestAdapter, Microsoft.VisualStudio.QualityTools.Tips.UnitTest.Adapter, Version=11.0.0.0, Culture=neutral, PublicKeyToken=b03f5f7f11d50a3a" className="DataServicesTests.Tests, DataServicesTests, Version=1.0.0.0, Culture=neutral, PublicKeyToken=null" name="Roger" />
    </UnitTest>
  </TestDefinitions>
  <TestLists>
    <TestList name="Results Not in a List" id="8c84fa94-04c1-424b-9868-57a2d4851a1d" />
    <TestList name="All Loaded Results" id="19431567-8539-422a-85d7-44ee4e166bda" />
  </TestLists>
  <TestEntries>
    <TestEntry testId="130cc3e5-f0bf-edee-d584-e663eaba2afa" executionId="9a5c1610-62ca-418a-81b7-fd3d0ec10635" testListId="8c84fa94-04c1-424b-9868-57a2d4851a1d" />
    <TestEntry testId="48878c87-d0c0-f69a-ea69-d9d2d7012922" executionId="b88a3b43-eb2a-4c38-ab23-46d197f58ebb" testListId="8c84fa94-04c1-424b-9868-57a2d4851a1d" />
  </TestEntries>
  <Results>
    <UnitTestResult executionId="9a5c1610-62ca-418a-81b7-fd3d0ec10635" testId="130cc3e5-f0bf-edee-d584-e663eaba2afa" testName="Roger" computerName="RP-AVR-WINGS" duration="00:00:00.0285137" startTime="2014-09-13T11:23:29.0803209-05:00" endTime="2014-09-13T11:23:29.2730357-05:00" testType="13cdc9d9-ddb5-4fa4-a97d-d965ccfc6d4b" outcome="Passed" testListId="8c84fa94-04c1-424b-9868-57a2d4851a1d" relativeResultsDirectory="9a5c1610-62ca-418a-81b7-fd3d0ec10635">
    </UnitTestResult>
    <UnitTestResult executionId="b88a3b43-eb2a-4c38-ab23-46d197f58ebb" testId="48878c87-d0c0-f69a-ea69-d9d2d7012922" testName="TestDataServiceCustomers" computerName="RP-AVR-WINGS" duration="00:00:02.6614256" startTime="2014-09-13T11:23:29.2790357-05:00" endTime="2014-09-13T11:23:31.9427374-05:00" testType="13cdc9d9-ddb5-4fa4-a97d-d965ccfc6d4b" outcome="Passed" testListId="8c84fa94-04c1-424b-9868-57a2d4851a1d" relativeResultsDirectory="b88a3b43-eb2a-4c38-ab23-46d197f58ebb">
    </UnitTestResult>
  </Results>
</TestRun>